<?xml version="1.0" encoding="UTF-8"?>
<testng-results ignored="0" total="2" passed="2" failed="0" skipped="0">
  <reporter-output>
  </reporter-output>
  <suite started-at="2025-07-10T11:50:33 IST" name="OrangeHRM" finished-at="2025-07-10T11:51:40 IST" duration-ms="67064">
    <groups>
    </groups>
    <test started-at="2025-07-10T11:50:33 IST" name="ChromeDriver" finished-at="2025-07-10T11:51:19 IST" duration-ms="45833">
      <class name="com.xlreading.OrangeHRMJobTitleTest">
        <test-method is-config="true" signature="startReporter()[pri:0, instance:com.xlreading.OrangeHRMJobTitleTest@384ad17b]" started-at="2025-07-10T11:50:33 IST" name="startReporter" finished-at="2025-07-10T11:50:34 IST" duration-ms="448" status="PASS">
          <reporter-output>
          </reporter-output>
        </test-method> <!-- startReporter -->
        <test-method is-config="true" signature="setup(java.lang.String)[pri:0, instance:com.xlreading.OrangeHRMJobTitleTest@384ad17b]" started-at="2025-07-10T11:50:34 IST" name="setup" finished-at="2025-07-10T11:50:57 IST" duration-ms="23489" status="PASS">
          <params>
            <param index="0">
              <value>
                <![CDATA[chrome]]>
              </value>
            </param>
          </params>
          <reporter-output>
          </reporter-output>
        </test-method> <!-- setup -->
        <test-method signature="testAddJobTitle()[pri:0, instance:com.xlreading.OrangeHRMJobTitleTest@384ad17b]" started-at="2025-07-10T11:50:57 IST" name="testAddJobTitle" finished-at="2025-07-10T11:51:15 IST" duration-ms="17477" status="PASS">
          <reporter-output>
          </reporter-output>
        </test-method> <!-- testAddJobTitle -->
        <test-method is-config="true" signature="getResult(org.testng.ITestResult)[pri:0, instance:com.xlreading.OrangeHRMJobTitleTest@384ad17b]" started-at="2025-07-10T11:51:15 IST" name="getResult" finished-at="2025-07-10T11:51:15 IST" duration-ms="8" status="PASS">
          <params>
            <param index="0">
              <value>
                <![CDATA[[TestResult name=testAddJobTitle status=SUCCESS method=OrangeHRMJobTitleTest.testAddJobTitle()[pri:0, instance:com.xlreading.OrangeHRMJobTitleTest@384ad17b] output={null}]]]>
              </value>
            </param>
          </params>
          <reporter-output>
          </reporter-output>
        </test-method> <!-- getResult -->
        <test-method is-config="true" signature="tearDown()[pri:0, instance:com.xlreading.OrangeHRMJobTitleTest@384ad17b]" started-at="2025-07-10T11:51:15 IST" name="tearDown" finished-at="2025-07-10T11:51:18 IST" duration-ms="3500" status="PASS">
          <reporter-output>
          </reporter-output>
        </test-method> <!-- tearDown -->
        <test-method is-config="true" signature="flushReport()[pri:0, instance:com.xlreading.OrangeHRMJobTitleTest@384ad17b]" started-at="2025-07-10T11:51:18 IST" name="flushReport" finished-at="2025-07-10T11:51:19 IST" duration-ms="846" status="PASS">
          <reporter-output>
          </reporter-output>
        </test-method> <!-- flushReport -->
      </class> <!-- com.xlreading.OrangeHRMJobTitleTest -->
    </test> <!-- ChromeDriver -->
    <test started-at="2025-07-10T11:51:19 IST" name="EdgeDriver" finished-at="2025-07-10T11:51:40 IST" duration-ms="21181">
      <class name="com.xlreading.OrangeHRMJobTitleTest">
        <test-method is-config="true" signature="startReporter()[pri:0, instance:com.xlreading.OrangeHRMJobTitleTest@52bf72b5]" started-at="2025-07-10T11:51:19 IST" name="startReporter" finished-at="2025-07-10T11:51:19 IST" duration-ms="2" status="PASS">
          <reporter-output>
          </reporter-output>
        </test-method> <!-- startReporter -->
        <test-method is-config="true" signature="setup(java.lang.String)[pri:0, instance:com.xlreading.OrangeHRMJobTitleTest@52bf72b5]" started-at="2025-07-10T11:51:19 IST" name="setup" finished-at="2025-07-10T11:51:27 IST" duration-ms="8163" status="PASS">
          <params>
            <param index="0">
              <value>
                <![CDATA[edge]]>
              </value>
            </param>
          </params>
          <reporter-output>
          </reporter-output>
        </test-method> <!-- setup -->
        <test-method signature="testAddJobTitle()[pri:0, instance:com.xlreading.OrangeHRMJobTitleTest@52bf72b5]" started-at="2025-07-10T11:51:27 IST" name="testAddJobTitle" finished-at="2025-07-10T11:51:37 IST" duration-ms="9667" status="PASS">
          <reporter-output>
          </reporter-output>
        </test-method> <!-- testAddJobTitle -->
        <test-method is-config="true" signature="getResult(org.testng.ITestResult)[pri:0, instance:com.xlreading.OrangeHRMJobTitleTest@52bf72b5]" started-at="2025-07-10T11:51:37 IST" name="getResult" finished-at="2025-07-10T11:51:37 IST" duration-ms="2" status="PASS">
          <params>
            <param index="0">
              <value>
                <![CDATA[[TestResult name=testAddJobTitle status=SUCCESS method=OrangeHRMJobTitleTest.testAddJobTitle()[pri:0, instance:com.xlreading.OrangeHRMJobTitleTest@52bf72b5] output={null}]]]>
              </value>
            </param>
          </params>
          <reporter-output>
          </reporter-output>
        </test-method> <!-- getResult -->
        <test-method is-config="true" signature="tearDown()[pri:0, instance:com.xlreading.OrangeHRMJobTitleTest@52bf72b5]" started-at="2025-07-10T11:51:37 IST" name="tearDown" finished-at="2025-07-10T11:51:40 IST" duration-ms="3184" status="PASS">
          <reporter-output>
          </reporter-output>
        </test-method> <!-- tearDown -->
        <test-method is-config="true" signature="flushReport()[pri:0, instance:com.xlreading.OrangeHRMJobTitleTest@52bf72b5]" started-at="2025-07-10T11:51:40 IST" name="flushReport" finished-at="2025-07-10T11:51:40 IST" duration-ms="157" status="PASS">
          <reporter-output>
          </reporter-output>
        </test-method> <!-- flushReport -->
      </class> <!-- com.xlreading.OrangeHRMJobTitleTest -->
    </test> <!-- EdgeDriver -->
  </suite> <!-- OrangeHRM -->
</testng-results>
